C51 COMPILER V9.60.7.0   MAIN                                                              12/13/2024 22:46:53 PAGE 1   


C51 COMPILER V9.60.7.0, COMPILATION OF MODULE MAIN
OBJECT MODULE PLACED IN .\Objects\main.obj
COMPILER INVOKED BY: C:\Keil_v5\C51\BIN\C51.EXE main.c OPTIMIZE(8,SPEED) BROWSE DEBUG OBJECTEXTEND PRINT(.\Listings\main
                    -.lst) TABS(2) OBJECT(.\Objects\main.obj)

line level    source

   1          #include <REGX52.H>
   2          #include <INTRINS.H>
   3          
   4          unsigned char NumTable[] = {0x3F, 0x06, 0x5B, 0x4F, 0x66, 0x6D, 0x7D, 0x07, 0x7F, 0x6F, 0x00};
   5          
   6          void Delay(unsigned int xms)  //@11.0592MHz
   7          {
   8   1        unsigned char data i, j;
   9   1        while(xms--)
  10   1        {
  11   2          _nop_();
  12   2          i = 2;
  13   2          j = 199;
  14   2          do
  15   2          {
  16   3            while (--j);
  17   3          } while (--i);
  18   2        }
  19   1      }
  20          
  21          void DigitalDisplay(unsigned char Location, Number, Dot)
  22          {
  23   1        if(Location > 7 || Number > 10) return;
  24   1        P2 = ~(4 * Location);
  25   1        P0 = NumTable[Number];
  26   1        if(Dot) P0 += 0x80;
  27   1        Delay(1);
  28   1      }
  29          
  30          void main()
  31          {
  32   1        while(1)
  33   1        {
  34   2          DigitalDisplay(0,1,0);
  35   2          DigitalDisplay(1,1,0);
  36   2          DigitalDisplay(2,4,1);
  37   2          DigitalDisplay(3,5,0);
  38   2          DigitalDisplay(4,1,0);
  39   2          DigitalDisplay(5,4,0);
  40   2        }
  41   1      }


MODULE INFORMATION:   STATIC OVERLAYABLE
   CODE SIZE        =    130    ----
   CONSTANT SIZE    =   ----    ----
   XDATA SIZE       =   ----    ----
   PDATA SIZE       =   ----    ----
   DATA SIZE        =     11    ----
   IDATA SIZE       =   ----    ----
   BIT SIZE         =   ----    ----
END OF MODULE INFORMATION.


C51 COMPILATION COMPLETE.  0 WARNING(S),  0 ERROR(S)
