C51 COMPILER V9.60.7.0   MAIN                                                              12/13/2024 22:59:29 PAGE 1   


C51 COMPILER V9.60.7.0, COMPILATION OF MODULE MAIN
OBJECT MODULE PLACED IN .\Objects\main.obj
COMPILER INVOKED BY: C:\Keil_v5\C51\BIN\C51.EXE main.c OPTIMIZE(8,SPEED) BROWSE DEBUG OBJECTEXTEND PRINT(.\Listings\main
                    -.lst) TABS(2) OBJECT(.\Objects\main.obj)

line level    source

   1          #include "DigitalDisplay.h"
   2          
   3          void main()
   4          {
   5   1        while(1)
   6   1        {
   7   2          DigitalDisplay(0,1,0);
   8   2          DigitalDisplay(1,1,0);
   9   2          DigitalDisplay(2,4,1);
  10   2          DigitalDisplay(3,5,0);
  11   2          DigitalDisplay(4,1,0);
  12   2          DigitalDisplay(5,4,0);
  13   2        }
  14   1      }


MODULE INFORMATION:   STATIC OVERLAYABLE
   CODE SIZE        =     69    ----
   CONSTANT SIZE    =   ----    ----
   XDATA SIZE       =   ----    ----
   PDATA SIZE       =   ----    ----
   DATA SIZE        =   ----    ----
   IDATA SIZE       =   ----    ----
   BIT SIZE         =   ----    ----
END OF MODULE INFORMATION.


C51 COMPILATION COMPLETE.  0 WARNING(S),  0 ERROR(S)
