C51 COMPILER V9.60.7.0   MAIN                                                              12/12/2024 12:42:06 PAGE 1   


C51 COMPILER V9.60.7.0, COMPILATION OF MODULE MAIN
OBJECT MODULE PLACED IN .\Objects\main.obj
COMPILER INVOKED BY: C:\Keil_v5\C51\BIN\C51.EXE main.c OPTIMIZE(8,SPEED) BROWSE DEBUG OBJECTEXTEND PRINT(.\Listings\main
                    -.lst) TABS(2) OBJECT(.\Objects\main.obj)

line level    source

   1          #include <REGX52.H>
   2          
   3          void main()
   4          {
   5   1        // P2 = 0xFE;
   6   1        // P2_0 = 0; // Light up LED D1
   7   1        // P2_0 = 1; // Turn off LED D1
   8   1        while(1)
   9   1        {
  10   2          if(P3_1 == 0 || P3_0 == 0 || P3_2 == 0 || P3_3 == 0) P2 = 0x00;
  11   2          else P2 = 0xFF;
  12   2        }
  13   1      }                          


MODULE INFORMATION:   STATIC OVERLAYABLE
   CODE SIZE        =     22    ----
   CONSTANT SIZE    =   ----    ----
   XDATA SIZE       =   ----    ----
   PDATA SIZE       =   ----    ----
   DATA SIZE        =   ----    ----
   IDATA SIZE       =   ----    ----
   BIT SIZE         =   ----    ----
END OF MODULE INFORMATION.


C51 COMPILATION COMPLETE.  0 WARNING(S),  0 ERROR(S)
