C51 COMPILER V9.60.7.0   MATRICKEY                                                         12/17/2024 06:06:52 PAGE 1   


C51 COMPILER V9.60.7.0, COMPILATION OF MODULE MATRICKEY
OBJECT MODULE PLACED IN .\Objects\MatricKey.obj
COMPILER INVOKED BY: C:\Keil_v5\C51\BIN\C51.EXE MatricKey.c OPTIMIZE(8,SPEED) BROWSE DEBUG OBJECTEXTEND PRINT(.\Listings
                    -\MatricKey.lst) OBJECT(.\Objects\MatricKey.obj)

line level    source

   1          #include <REGX52.H>
   2          #include "Delay.h"
   3          
   4          /**
   5            * @brief  矩阵键盘读取按键键码
   6            * @param  无
   7            * @retval KeyNumber 按下按键的键码值
   8            * @note   如果按键按下不放，程序会停留在此函数
   9            * @note   松手的一瞬间，返回按键键码
  10            * @note   没有按键按下时，返回 `0`
  11            */
  12          
  13          unsigned char MatrixKey()
  14          {
  15   1              unsigned char KeyNumber = 0;
  16   1              
  17   1              // 扫描第 1 列按键
  18   1              P1 = 0xFF;
  19   1              P1_3 = 0;
  20   1              if(P1_7 == 0) {Delay(20); while(P1_7 == 0); Delay(20); KeyNumber = 1;}
  21   1              if(P1_6 == 0) {Delay(20); while(P1_6 == 0); Delay(20); KeyNumber = 5;}
  22   1              if(P1_5 == 0) {Delay(20); while(P1_5 == 0); Delay(20); KeyNumber = 9;}
  23   1              if(P1_4 == 0) {Delay(20); while(P1_4 == 0); Delay(20); KeyNumber = 13;}
  24   1              
  25   1              // 扫描第 2 列按键
  26   1              P1 = 0xFF;
  27   1              P1_2 = 0;
  28   1              if(P1_7 == 0) {Delay(20); while(P1_7 == 0); Delay(20); KeyNumber = 2;}
  29   1              if(P1_6 == 0) {Delay(20); while(P1_6 == 0); Delay(20); KeyNumber = 6;}
  30   1              if(P1_5 == 0) {Delay(20); while(P1_5 == 0); Delay(20); KeyNumber = 10;}
  31   1              if(P1_4 == 0) {Delay(20); while(P1_4 == 0); Delay(20); KeyNumber = 14;}
  32   1              
  33   1              // 扫描第 3 列按键
  34   1              P1 = 0xFF;
  35   1              P1_1 = 0;
  36   1              if(P1_7 == 0) {Delay(20); while(P1_7 == 0); Delay(20); KeyNumber = 3;}
  37   1              if(P1_6 == 0) {Delay(20); while(P1_6 == 0); Delay(20); KeyNumber = 7;}
  38   1              if(P1_5 == 0) {Delay(20); while(P1_5 == 0); Delay(20); KeyNumber = 11;}
  39   1              if(P1_4 == 0) {Delay(20); while(P1_4 == 0); Delay(20); KeyNumber = 15;}
  40   1              
  41   1              // 扫描第 4 列按键
  42   1              P1 = 0xFF;
  43   1              P1_0 = 0;
  44   1              if(P1_7 == 0) {Delay(20); while(P1_7 == 0); Delay(20); KeyNumber = 4;}
  45   1              if(P1_6 == 0) {Delay(20); while(P1_6 == 0); Delay(20); KeyNumber = 8;}
  46   1              if(P1_5 == 0) {Delay(20); while(P1_5 == 0); Delay(20); KeyNumber = 12;}
  47   1              if(P1_4 == 0) {Delay(20); while(P1_4 == 0); Delay(20); KeyNumber = 16;}
  48   1              
  49   1              return KeyNumber;
  50   1      }


MODULE INFORMATION:   STATIC OVERLAYABLE
   CODE SIZE        =    393    ----
C51 COMPILER V9.60.7.0   MATRICKEY                                                         12/17/2024 06:06:52 PAGE 2   

   CONSTANT SIZE    =   ----    ----
   XDATA SIZE       =   ----    ----
   PDATA SIZE       =   ----    ----
   DATA SIZE        =   ----       1
   IDATA SIZE       =   ----    ----
   BIT SIZE         =   ----    ----
END OF MODULE INFORMATION.


C51 COMPILATION COMPLETE.  0 WARNING(S),  0 ERROR(S)
