C51 COMPILER V9.60.7.0   MAIN                                                              12/11/2024 23:55:05 PAGE 1   


C51 COMPILER V9.60.7.0, COMPILATION OF MODULE MAIN
OBJECT MODULE PLACED IN .\Objects\main.obj
COMPILER INVOKED BY: C:\Keil_v5\C51\BIN\C51.EXE main.c OPTIMIZE(8,SPEED) BROWSE DEBUG OBJECTEXTEND PRINT(.\Listings\main
                    -.lst) TABS(2) OBJECT(.\Objects\main.obj)

line level    source

   1          #include <REGX52.H>
   2          #include <INTRINS.H>
   3          
   4          void Delay1ms(unsigned int xms) //@11.0592MHz
   5          {
   6   1        unsigned char data i, j;
   7   1        while(xms)
   8   1        {
   9   2          _nop_();
  10   2          i = 2;
  11   2          j = 199;
  12   2          do
  13   2          {
  14   3            while (--j);
  15   3          } while (--i);
  16   2          xms -= 1;
  17   2        }
  18   1      }
  19          
  20          void LightUpOneSingleLED(unsigned int number)
  21          {
  22   1        if(number == 1) P2 = 0xFE;
  23   1        else if(number == 2) P2 = 0xFD;
  24   1        else if(number == 3) P2 = 0xFB;
  25   1        else if(number == 4) P2 = 0xF7;
  26   1        else if(number == 5) P2 = 0xEF;
  27   1        else if(number == 6) P2 = 0xDF;
  28   1        else if(number == 7) P2 = 0xBF;
  29   1        else if(number == 8) P2 = 0x7F;
  30   1      }
  31          
  32          void main()
  33          {
  34   1        unsigned int i, time, reverse;
  35   1        reverse = 0;
  36   1        time = 500;
  37   1        while(1)
  38   1        {
  39   2          if(reverse)
  40   2          {
  41   3            for(i = 8; i >= 1; i--)
  42   3            {
  43   4              LightUpOneSingleLED(i);
  44   4              Delay1ms(time);
  45   4            }
  46   3          }
  47   2          else
  48   2          {
  49   3            for(i = 1; i <= 8; i++)
  50   3            {
  51   4              LightUpOneSingleLED(i);
  52   4              Delay1ms(time);
  53   4            }
  54   3          }
C51 COMPILER V9.60.7.0   MAIN                                                              12/11/2024 23:55:05 PAGE 2   

  55   2        }
  56   1      }


MODULE INFORMATION:   STATIC OVERLAYABLE
   CODE SIZE        =    172    ----
   CONSTANT SIZE    =   ----    ----
   XDATA SIZE       =   ----    ----
   PDATA SIZE       =   ----    ----
   DATA SIZE        =   ----       2
   IDATA SIZE       =   ----    ----
   BIT SIZE         =   ----    ----
END OF MODULE INFORMATION.


C51 COMPILATION COMPLETE.  0 WARNING(S),  0 ERROR(S)
